2023-06-19 14:13:52:   *************************************
2023-06-19 14:13:52:   ***   SMILESX INFERENCE STARTED   ***
2023-06-19 14:13:52:   *************************************
2023-06-19 14:13:52:   
2023-06-19 14:13:52:   Inference logs path:
2023-06-19 14:13:52:   ./outputs/FreeSolv/Can/Inference/Can/Inference_2023-06-19_14:13:52.log
2023-06-19 14:13:52:   
2023-06-19 14:13:52:   Full vocabulary: ['pad', 'unk', ' ', '3', '[O-]', '[C@]', '[S+2]', '/', 'C', '[C@@]', 'I', ')', '(', '1', '4', '5', '[nH]', '-', '[C@H]', 'F', 'n', 'Br', '[N+]', 'c', 's', 'N', '2', 'Cl', 'P', '=', '[C@@H]', 'O', '#', 'S']
2023-06-19 14:13:52:   Vocabulary size: 34
2023-06-19 14:13:52:   Maximum length of tokenized SMILES: 47 tokens.

2023-06-19 14:13:52:   Number of enumerated SMILES: 15
2023-06-19 14:13:52:   
2023-06-19 14:13:52:   Tokenization of SMILES...
2023-06-19 14:13:52:   
2023-06-19 14:13:52:   Prediction results:
    SMILES               Prediction (mean)    Prediction (std)
--  -----------------  -------------------  ------------------
 0  O                             -3.74848            0.25447
 1  Oc                            -4.03965            0.222837
 2  Oc1                           -5.03945            0.553588
 3  Oc1c                          -5.13586            0.551873
 4  Oc1cc                         -5.13864            0.538798
 5  Oc1ccc                        -5.0833             0.521183
 6  Oc1ccc(                       -5.40515            0.504183
 7  Oc1ccc(Cl                     -4.79357            0.416926
 8  Oc1ccc(Cl)                    -4.84512            0.456509
 9  Oc1ccc(Cl)c                   -4.81152            0.443812
10  Oc1ccc(Cl)c(                  -5.051              0.40954
11  Oc1ccc(Cl)c(Cl                -4.51724            0.390213
12  Oc1ccc(Cl)c(Cl)               -4.54665            0.417173
13  Oc1ccc(Cl)c(Cl)c              -4.51919            0.431478
14  Oc1ccc(Cl)c(Cl)c1             -5.01548            0.330073
2023-06-19 14:13:52:   
2023-06-19 14:13:52:   ***************************************
2023-06-19 14:13:52:   ***   SMILESX INFERENCE COMPLETED   ***
2023-06-19 14:13:52:   ***************************************
2023-06-19 14:13:52:   ********************************************
2023-06-19 14:13:52:   ***   SMILESX INTERPRETATION COMPLETED   ***
2023-06-19 14:13:52:   ********************************************
