2023-05-30 15:57:15:   *************************************
2023-05-30 15:57:15:   ***   SMILESX INFERENCE STARTED   ***
2023-05-30 15:57:15:   *************************************
2023-05-30 15:57:15:   
2023-05-30 15:57:15:   Inference logs path:
2023-05-30 15:57:15:   ./outputs/FreeSolv/Can/Inference/Can/Inference_2023-05-30_15:57:15.log
2023-05-30 15:57:15:   
2023-05-30 15:57:15:   Full vocabulary: ['pad', 'unk', ' ', '3', '[O-]', '[C@]', '[S+2]', '/', 'C', '[C@@]', 'I', ')', '(', '1', '4', '5', '[nH]', '-', '[C@H]', 'F', 'n', 'Br', '[N+]', 'c', 's', 'N', '2', 'Cl', 'P', '=', '[C@@H]', 'O', '#', 'S']
2023-05-30 15:57:15:   Vocabulary size: 34
2023-05-30 15:57:15:   Maximum length of tokenized SMILES: 47 tokens.

2023-05-30 15:57:15:   Number of enumerated SMILES: 1
2023-05-30 15:57:15:   
2023-05-30 15:57:15:   Tokenization of SMILES...
2023-05-30 15:57:18:   
2023-05-30 15:57:18:   Prediction results:
    SMILES                Prediction (mean)    Prediction (std)
--  ------------------  -------------------  ------------------
 0  CC(=O)Nc1ccc(O)cc1             -9.09997            0.170549
2023-05-30 15:57:18:   
2023-05-30 15:57:18:   ***************************************
2023-05-30 15:57:18:   ***   SMILESX INFERENCE COMPLETED   ***
2023-05-30 15:57:18:   ***************************************
