2023-06-19 14:13:12:   *************************************
2023-06-19 14:13:12:   ***   SMILESX INFERENCE STARTED   ***
2023-06-19 14:13:12:   *************************************
2023-06-19 14:13:12:   
2023-06-19 14:13:12:   Inference logs path:
2023-06-19 14:13:12:   ./outputs/FreeSolv/Can/Inference/Can/Inference_2023-06-19_14:13:12.log
2023-06-19 14:13:12:   
2023-06-19 14:13:12:   Full vocabulary: ['pad', 'unk', ' ', '3', '[O-]', '[C@]', '[S+2]', '/', 'C', '[C@@]', 'I', ')', '(', '1', '4', '5', '[nH]', '-', '[C@H]', 'F', 'n', 'Br', '[N+]', 'c', 's', 'N', '2', 'Cl', 'P', '=', '[C@@H]', 'O', '#', 'S']
2023-06-19 14:13:12:   Vocabulary size: 34
2023-06-19 14:13:12:   Maximum length of tokenized SMILES: 47 tokens.

2023-06-19 14:13:12:   Number of enumerated SMILES: 1
2023-06-19 14:13:12:   
2023-06-19 14:13:12:   Tokenization of SMILES...
2023-06-19 14:13:16:   
2023-06-19 14:13:16:   Prediction results:
    SMILES                             Prediction (mean)    Prediction (std)
--  -------------------------------  -------------------  ------------------
 0  C=C(C)[C@@H]1CC=C(C)[C@@H](O)C1             -4.43618            0.761285
2023-06-19 14:13:16:   
2023-06-19 14:13:16:   ***************************************
2023-06-19 14:13:16:   ***   SMILESX INFERENCE COMPLETED   ***
2023-06-19 14:13:16:   ***************************************
