2023-05-31 10:24:29:   *************************************
2023-05-31 10:24:29:   ***   SMILESX INFERENCE STARTED   ***
2023-05-31 10:24:29:   *************************************
2023-05-31 10:24:29:   
2023-05-31 10:24:29:   Inference logs path:
2023-05-31 10:24:29:   ./outputs/FreeSolv/Can/Inference/Can/Inference_2023-05-31_10:24:29.log
2023-05-31 10:24:29:   
2023-05-31 10:24:29:   Full vocabulary: ['pad', 'unk', ' ', '3', '[O-]', '[C@]', '[S+2]', '/', 'C', '[C@@]', 'I', ')', '(', '1', '4', '5', '[nH]', '-', '[C@H]', 'F', 'n', 'Br', '[N+]', 'c', 's', 'N', '2', 'Cl', 'P', '=', '[C@@H]', 'O', '#', 'S']
2023-05-31 10:24:29:   Vocabulary size: 34
2023-05-31 10:24:29:   Maximum length of tokenized SMILES: 47 tokens.

2023-05-31 10:24:29:   Number of enumerated SMILES: 18
2023-05-31 10:24:29:   
2023-05-31 10:24:29:   Tokenization of SMILES...
2023-05-31 10:24:29:   
2023-05-31 10:24:29:   Prediction results:
    SMILES                Prediction (mean)    Prediction (std)
--  ------------------  -------------------  ------------------
 0  C                             -1.30199             0.355365
 1  CC                            -0.891119            0.2826
 2  CC(                           -1.16912             0.287663
 3  CC(=                          -1.65284             0.177802
 4  CC(=O                         -4.01841             0.161894
 5  CC(=O)                        -4.32102             0.16259
 6  CC(=O)N                       -5.81054             0.208759
 7  CC(=O)Nc                      -6.02286             0.206084
 8  CC(=O)Nc1                     -6.9126              0.450679
 9  CC(=O)Nc1c                    -6.95141             0.396534
10  CC(=O)Nc1cc                   -6.9158              0.333201
11  CC(=O)Nc1ccc                  -6.83547             0.269793
12  CC(=O)Nc1ccc(                 -7.08256             0.249442
13  CC(=O)Nc1ccc(O                -8.61689             0.257754
14  CC(=O)Nc1ccc(O)               -8.73377             0.225257
15  CC(=O)Nc1ccc(O)c              -8.72108             0.228654
16  CC(=O)Nc1ccc(O)cc             -8.65463             0.256689
17  CC(=O)Nc1ccc(O)cc1            -9.09997             0.170549
2023-05-31 10:24:29:   
2023-05-31 10:24:29:   ***************************************
2023-05-31 10:24:29:   ***   SMILESX INFERENCE COMPLETED   ***
2023-05-31 10:24:29:   ***************************************
2023-05-31 10:24:29:   ********************************************
2023-05-31 10:24:29:   ***   SMILESX INTERPRETATION COMPLETED   ***
2023-05-31 10:24:29:   ********************************************
