2023-05-31 16:40:52:   *************************************
2023-05-31 16:40:52:   ***   SMILESX INFERENCE STARTED   ***
2023-05-31 16:40:52:   *************************************
2023-05-31 16:40:52:   
2023-05-31 16:40:52:   Inference logs path:
2023-05-31 16:40:52:   ./outputs/FreeSolv/Can/Inference/Can/Inference_2023-05-31_16:40:52.log
2023-05-31 16:40:52:   
2023-05-31 16:40:52:   Full vocabulary: ['pad', 'unk', ' ', '3', '[O-]', '[C@]', '[S+2]', '/', 'C', '[C@@]', 'I', ')', '(', '1', '4', '5', '[nH]', '-', '[C@H]', 'F', 'n', 'Br', '[N+]', 'c', 's', 'N', '2', 'Cl', 'P', '=', '[C@@H]', 'O', '#', 'S']
2023-05-31 16:40:52:   Vocabulary size: 34
2023-05-31 16:40:52:   Maximum length of tokenized SMILES: 47 tokens.

2023-05-31 16:40:52:   Number of enumerated SMILES: 21
2023-05-31 16:40:52:   
2023-05-31 16:40:52:   Tokenization of SMILES...
2023-05-31 16:40:52:   
2023-05-31 16:40:52:   Prediction results:
    SMILES                   Prediction (mean)    Prediction (std)
--  ---------------------  -------------------  ------------------
 0  C                                -1.30199             0.355365
 1  CC                               -0.891119            0.2826
 2  CCC                              -0.428228            0.250252
 3  CCCc                             -0.545784            0.199051
 4  CCCc1                            -1.45327             0.504781
 5  CCCc1c                           -1.5149              0.490458
 6  CCCc1cc                          -1.52735             0.474534
 7  CCCc1cc(                         -1.86035             0.490459
 8  CCCc1cc(O                        -3.88269             0.455826
 9  CCCc1cc(O)                       -4.12395             0.492527
10  CCCc1cc(O)c                      -4.22385             0.484536
11  CCCc1cc(O)cc                     -4.24964             0.472298
12  CCCc1cc(O)ccc                    -4.22801             0.463454
13  CCCc1cc(O)ccc1                   -4.81758             0.456223
14  CCCc1cc(O)ccc1N                  -5.74393             0.422134
15  CCCc1cc(O)ccc1NC                 -5.42846             0.355232
16  CCCc1cc(O)ccc1NC(                -5.67026             0.31165
17  CCCc1cc(O)ccc1NC(C               -5.27946             0.272041
18  CCCc1cc(O)ccc1NC(C)              -5.31389             0.303225
19  CCCc1cc(O)ccc1NC(C)=             -5.57424             0.221993
20  CCCc1cc(O)ccc1NC(C)=O            -6.97421             0.217331
2023-05-31 16:40:52:   
2023-05-31 16:40:52:   ***************************************
2023-05-31 16:40:52:   ***   SMILESX INFERENCE COMPLETED   ***
2023-05-31 16:40:52:   ***************************************
2023-05-31 16:40:52:   ********************************************
2023-05-31 16:40:52:   ***   SMILESX INTERPRETATION COMPLETED   ***
2023-05-31 16:40:52:   ********************************************
