2023-08-08 17:06:52:   *************************************
2023-08-08 17:06:52:   ***   SMILESX INFERENCE STARTED   ***
2023-08-08 17:06:52:   *************************************
2023-08-08 17:06:52:   
2023-08-08 17:06:52:   Inference logs path:
2023-08-08 17:06:52:   ./outputs/FreeSolv/Can/Inference/Can/Inference_2023-08-08_17:06:52.log
2023-08-08 17:06:52:   
2023-08-08 17:06:52:   Full vocabulary: ['pad', 'unk', ' ', '3', '[O-]', '[C@]', '[S+2]', '/', 'C', '[C@@]', 'I', ')', '(', '1', '4', '5', '[nH]', '-', '[C@H]', 'F', 'n', 'Br', '[N+]', 'c', 's', 'N', '2', 'Cl', 'P', '=', '[C@@H]', 'O', '#', 'S']
2023-08-08 17:06:52:   Vocabulary size: 34
2023-08-08 17:06:52:   Maximum length of tokenized SMILES: 47 tokens.

2023-08-08 17:06:52:   Number of enumerated SMILES: 1
2023-08-08 17:06:52:   
2023-08-08 17:06:52:   Tokenization of SMILES...
2023-08-08 17:06:55:   
2023-08-08 17:06:55:   Prediction results:
    SMILES                Prediction (mean)    Prediction (std)
--  ------------------  -------------------  ------------------
 0  CC(=O)Nc1ccc(O)cc1             -9.09997            0.170549
2023-08-08 17:06:55:   
2023-08-08 17:06:55:   ***************************************
2023-08-08 17:06:55:   ***   SMILESX INFERENCE COMPLETED   ***
2023-08-08 17:06:55:   ***************************************
