2023-06-20 15:18:54:   *************************************
2023-06-20 15:18:54:   ***   SMILESX INFERENCE STARTED   ***
2023-06-20 15:18:54:   *************************************
2023-06-20 15:18:54:   
2023-06-20 15:18:54:   Inference logs path:
2023-06-20 15:18:54:   ./outputs/FreeSolv/Can/Inference/Can/Inference_2023-06-20_15:18:54.log
2023-06-20 15:18:54:   
2023-06-20 15:18:54:   Full vocabulary: ['pad', 'unk', ' ', '3', '[O-]', '[C@]', '[S+2]', '/', 'C', '[C@@]', 'I', ')', '(', '1', '4', '5', '[nH]', '-', '[C@H]', 'F', 'n', 'Br', '[N+]', 'c', 's', 'N', '2', 'Cl', 'P', '=', '[C@@H]', 'O', '#', 'S']
2023-06-20 15:18:54:   Vocabulary size: 34
2023-06-20 15:18:54:   Maximum length of tokenized SMILES: 47 tokens.

2023-06-20 15:18:54:   Number of enumerated SMILES: 19
2023-06-20 15:18:54:   
2023-06-20 15:18:54:   Tokenization of SMILES...
2023-06-20 15:18:56:   
2023-06-20 15:18:56:   Prediction results:
    SMILES                 Prediction (mean)    Prediction (std)
--  -------------------  -------------------  ------------------
 0  O                               -3.74848            0.25447
 1  OC                              -3.39401            0.233322
 2  OC1                             -4.45373            0.563112
 3  OC1C                            -3.93658            0.526332
 4  OC1C2                           -3.98037            0.611801
 5  OC1C2C                          -3.42345            0.582337
 6  OC1C2CO                         -5.47839            0.625785
 7  OC1C2COC                        -4.91718            0.611197
 8  OC1C2COC(                       -5.13408            0.644946
 9  OC1C2COC(O                      -7.14333            0.623487
10  OC1C2COC(O2                     -7.12909            0.702757
11  OC1C2COC(O2)                    -7.23522            0.695999
12  OC1C2COC(O2)C                   -6.7163             0.682524
13  OC1C2COC(O2)C(                  -6.86913            0.683538
14  OC1C2COC(O2)C(O                 -8.50845            0.628415
15  OC1C2COC(O2)C(O)                -8.60186            0.60618
16  OC1C2COC(O2)C(O)C               -8.11495            0.594441
17  OC1C2COC(O2)C(O)C1              -8.72096            0.739921
18  OC1C2COC(O2)C(O)C1O            -10.1309             0.712243
2023-06-20 15:18:56:   
2023-06-20 15:18:56:   ***************************************
2023-06-20 15:18:56:   ***   SMILESX INFERENCE COMPLETED   ***
2023-06-20 15:18:56:   ***************************************
2023-06-20 15:18:56:   ********************************************
2023-06-20 15:18:56:   ***   SMILESX INTERPRETATION COMPLETED   ***
2023-06-20 15:18:56:   ********************************************
