2023-06-19 14:13:46:   *************************************
2023-06-19 14:13:46:   ***   SMILESX INFERENCE STARTED   ***
2023-06-19 14:13:46:   *************************************
2023-06-19 14:13:46:   
2023-06-19 14:13:46:   Inference logs path:
2023-06-19 14:13:46:   ./outputs/FreeSolv/Can/Inference/Can/Inference_2023-06-19_14:13:46.log
2023-06-19 14:13:46:   
2023-06-19 14:13:46:   Full vocabulary: ['pad', 'unk', ' ', '3', '[O-]', '[C@]', '[S+2]', '/', 'C', '[C@@]', 'I', ')', '(', '1', '4', '5', '[nH]', '-', '[C@H]', 'F', 'n', 'Br', '[N+]', 'c', 's', 'N', '2', 'Cl', 'P', '=', '[C@@H]', 'O', '#', 'S']
2023-06-19 14:13:46:   Vocabulary size: 34
2023-06-19 14:13:46:   Maximum length of tokenized SMILES: 47 tokens.

2023-06-19 14:13:46:   Number of enumerated SMILES: 1
2023-06-19 14:13:46:   
2023-06-19 14:13:46:   Tokenization of SMILES...
2023-06-19 14:13:48:   
2023-06-19 14:13:48:   Prediction results:
    SMILES               Prediction (mean)    Prediction (std)
--  -----------------  -------------------  ------------------
 0  Oc1ccc(Cl)c(Cl)c1             -5.01548            0.330073
2023-06-19 14:13:48:   
2023-06-19 14:13:48:   ***************************************
2023-06-19 14:13:48:   ***   SMILESX INFERENCE COMPLETED   ***
2023-06-19 14:13:48:   ***************************************
