2023-06-19 14:13:20:   *************************************
2023-06-19 14:13:20:   ***   SMILESX INFERENCE STARTED   ***
2023-06-19 14:13:20:   *************************************
2023-06-19 14:13:20:   
2023-06-19 14:13:20:   Inference logs path:
2023-06-19 14:13:20:   ./outputs/FreeSolv/Can/Inference/Can/Inference_2023-06-19_14:13:20.log
2023-06-19 14:13:20:   
2023-06-19 14:13:20:   Full vocabulary: ['pad', 'unk', ' ', '3', '[O-]', '[C@]', '[S+2]', '/', 'C', '[C@@]', 'I', ')', '(', '1', '4', '5', '[nH]', '-', '[C@H]', 'F', 'n', 'Br', '[N+]', 'c', 's', 'N', '2', 'Cl', 'P', '=', '[C@@H]', 'O', '#', 'S']
2023-06-19 14:13:20:   Vocabulary size: 34
2023-06-19 14:13:20:   Maximum length of tokenized SMILES: 47 tokens.

2023-06-19 14:13:20:   Number of enumerated SMILES: 21
2023-06-19 14:13:20:   
2023-06-19 14:13:20:   Tokenization of SMILES...
2023-06-19 14:13:20:   
2023-06-19 14:13:20:   Prediction results:
    SMILES                             Prediction (mean)    Prediction (std)
--  -------------------------------  -------------------  ------------------
 0  C                                           -1.30199            0.355365
 1  C=                                          -1.79712            0.24785
 2  C=C                                         -1.34227            0.206423
 3  C=C(                                        -1.64383            0.234947
 4  C=C(C                                       -1.10287            0.304088
 5  C=C(C)                                      -1.24572            0.256902
 6  C=C(C)[C@@H]                                -1.77998            0.354323
 7  C=C(C)[C@@H]1                               -2.73494            0.633344
 8  C=C(C)[C@@H]1C                              -2.287              0.621675
 9  C=C(C)[C@@H]1CC                             -1.81631            0.607104
10  C=C(C)[C@@H]1CC=                            -2.19306            0.439863
11  C=C(C)[C@@H]1CC=C                           -1.73306            0.449084
12  C=C(C)[C@@H]1CC=C(                          -1.94701            0.494268
13  C=C(C)[C@@H]1CC=C(C                         -1.48672            0.49739
14  C=C(C)[C@@H]1CC=C(C)                        -1.55736            0.533152
15  C=C(C)[C@@H]1CC=C(C)[C@@H]                  -1.94945            0.620514
16  C=C(C)[C@@H]1CC=C(C)[C@@H](                 -2.2002             0.637999
17  C=C(C)[C@@H]1CC=C(C)[C@@H](O                -3.90912            0.606333
18  C=C(C)[C@@H]1CC=C(C)[C@@H](O)               -4.10248            0.617415
19  C=C(C)[C@@H]1CC=C(C)[C@@H](O)C              -3.75087            0.613144
20  C=C(C)[C@@H]1CC=C(C)[C@@H](O)C1             -4.43618            0.761285
2023-06-19 14:13:20:   
2023-06-19 14:13:20:   ***************************************
2023-06-19 14:13:20:   ***   SMILESX INFERENCE COMPLETED   ***
2023-06-19 14:13:20:   ***************************************
2023-06-19 14:13:20:   ********************************************
2023-06-19 14:13:20:   ***   SMILESX INTERPRETATION COMPLETED   ***
2023-06-19 14:13:20:   ********************************************
