2023-05-31 16:41:35:   *************************************
2023-05-31 16:41:35:   ***   SMILESX INFERENCE STARTED   ***
2023-05-31 16:41:35:   *************************************
2023-05-31 16:41:35:   
2023-05-31 16:41:35:   Inference logs path:
2023-05-31 16:41:35:   ./outputs/FreeSolv/Can/Inference/Can/Inference_2023-05-31_16:41:35.log
2023-05-31 16:41:35:   
2023-05-31 16:41:35:   Full vocabulary: ['pad', 'unk', ' ', '3', '[O-]', '[C@]', '[S+2]', '/', 'C', '[C@@]', 'I', ')', '(', '1', '4', '5', '[nH]', '-', '[C@H]', 'F', 'n', 'Br', '[N+]', 'c', 's', 'N', '2', 'Cl', 'P', '=', '[C@@H]', 'O', '#', 'S']
2023-05-31 16:41:35:   Vocabulary size: 34
2023-05-31 16:41:35:   Maximum length of tokenized SMILES: 47 tokens.

2023-05-31 16:41:35:   Number of enumerated SMILES: 1
2023-05-31 16:41:35:   
2023-05-31 16:41:35:   Tokenization of SMILES...
2023-05-31 16:41:38:   
2023-05-31 16:41:38:   Prediction results:
    SMILES                  Prediction (mean)    Prediction (std)
--  --------------------  -------------------  ------------------
 0  OCC1OC(O)C(O)C(O)C1O             -12.0689            0.520688
2023-05-31 16:41:38:   
2023-05-31 16:41:38:   ***************************************
2023-05-31 16:41:38:   ***   SMILESX INFERENCE COMPLETED   ***
2023-05-31 16:41:38:   ***************************************
