2023-08-04 10:59:56:   *************************************
2023-08-04 10:59:56:   ***   SMILESX INFERENCE STARTED   ***
2023-08-04 10:59:56:   *************************************
2023-08-04 10:59:56:   
2023-08-04 10:59:56:   Inference logs path:
2023-08-04 10:59:56:   ./outputs/FreeSolv/Can/Inference/Can/Inference_2023-08-04_10:59:56.log
2023-08-04 10:59:56:   
2023-08-04 10:59:56:   Full vocabulary: ['pad', 'unk', ' ', '3', '[O-]', '[C@]', '[S+2]', '/', 'C', '[C@@]', 'I', ')', '(', '1', '4', '5', '[nH]', '-', '[C@H]', 'F', 'n', 'Br', '[N+]', 'c', 's', 'N', '2', 'Cl', 'P', '=', '[C@@H]', 'O', '#', 'S']
2023-08-04 10:59:56:   Vocabulary size: 34
2023-08-04 10:59:56:   Maximum length of tokenized SMILES: 47 tokens.

2023-08-04 10:59:56:   Number of enumerated SMILES: 1
2023-08-04 10:59:56:   
2023-08-04 10:59:56:   Tokenization of SMILES...
2023-08-04 10:59:59:   
2023-08-04 10:59:59:   Prediction results:
    SMILES                                                        Prediction (mean)    Prediction (std)
--  ----------------------------------------------------------  -------------------  ------------------
 0  CC1=CC(C(C)C)=[O+][Ru]2(C=O)(C=O)(O1)OC(C)=CC(C(C)C)=[O+]2             -7.12013            0.954948
2023-08-04 10:59:59:   
2023-08-04 10:59:59:   ***************************************
2023-08-04 10:59:59:   ***   SMILESX INFERENCE COMPLETED   ***
2023-08-04 10:59:59:   ***************************************
