2023-06-13 13:08:20:   *************************************
2023-06-13 13:08:20:   ***   SMILESX INFERENCE STARTED   ***
2023-06-13 13:08:20:   *************************************
2023-06-13 13:08:20:   
2023-06-13 13:08:20:   Inference logs path:
2023-06-13 13:08:20:   ./outputs/FreeSolv/Can/Inference/Can/Inference_2023-06-13_13:08:20.log
2023-06-13 13:08:20:   
2023-06-13 13:08:20:   Full vocabulary: ['pad', 'unk', ' ', '3', '[O-]', '[C@]', '[S+2]', '/', 'C', '[C@@]', 'I', ')', '(', '1', '4', '5', '[nH]', '-', '[C@H]', 'F', 'n', 'Br', '[N+]', 'c', 's', 'N', '2', 'Cl', 'P', '=', '[C@@H]', 'O', '#', 'S']
2023-06-13 13:08:20:   Vocabulary size: 34
2023-06-13 13:08:20:   Maximum length of tokenized SMILES: 47 tokens.

2023-06-13 13:08:20:   Number of enumerated SMILES: 1
2023-06-13 13:08:20:   
2023-06-13 13:08:20:   Tokenization of SMILES...
2023-06-13 13:08:24:   
2023-06-13 13:08:24:   Prediction results:
    SMILES                                                              Prediction (mean)    Prediction (std)
--  ----------------------------------------------------------------  -------------------  ------------------
 0  CC1(C(=O)O)CCC2(C)CCC3C(=CC(=O)C4C3(C)CCC3C(C)(C)C(O)CCC34C)C2C1            -0.755384            0.739638
2023-06-13 13:08:24:   
2023-06-13 13:08:24:   ***************************************
2023-06-13 13:08:24:   ***   SMILESX INFERENCE COMPLETED   ***
2023-06-13 13:08:24:   ***************************************
