2023-05-30 17:00:35:   *************************************
2023-05-30 17:00:35:   ***   SMILESX INFERENCE STARTED   ***
2023-05-30 17:00:35:   *************************************
2023-05-30 17:00:35:   
2023-05-30 17:00:35:   Inference logs path:
2023-05-30 17:00:35:   ./outputs/FreeSolv/Can/Inference/Can/Inference_2023-05-30_17:00:35.log
2023-05-30 17:00:35:   
2023-05-30 17:00:35:   Full vocabulary: ['pad', 'unk', ' ', '3', '[O-]', '[C@]', '[S+2]', '/', 'C', '[C@@]', 'I', ')', '(', '1', '4', '5', '[nH]', '-', '[C@H]', 'F', 'n', 'Br', '[N+]', 'c', 's', 'N', '2', 'Cl', 'P', '=', '[C@@H]', 'O', '#', 'S']
2023-05-30 17:00:35:   Vocabulary size: 34
2023-05-30 17:00:35:   Maximum length of tokenized SMILES: 47 tokens.

2023-05-30 17:00:35:   Number of enumerated SMILES: 15
2023-05-30 17:00:35:   
2023-05-30 17:00:35:   Tokenization of SMILES...
2023-05-30 17:00:35:   
2023-05-30 17:00:35:   Prediction results:
    SMILES             Prediction (mean)    Prediction (std)
--  ---------------  -------------------  ------------------
 0  C                          -1.30199             0.355365
 1  CC                         -0.891119            0.2826
 2  CC(                        -1.16912             0.287663
 3  CC(O                       -3.47661             0.317211
 4  CC(O)                      -3.76704             0.375002
 5  CC(O)(                     -4.14303             0.438313
 6  CC(O)(C                    -3.58026             0.45031
 7  CC(O)(CO                   -5.80129             0.430309
 8  CC(O)(CO)                  -6.00008             0.436117
 9  CC(O)(CO)C                 -5.44603             0.447491
10  CC(O)(CO)C(                -5.67155             0.480998
11  CC(O)(CO)C(O               -7.61578             0.427202
12  CC(O)(CO)C(O)              -7.75033             0.402555
13  CC(O)(CO)C(O)C             -7.22424             0.416661
14  CC(O)(CO)C(O)CO            -8.93565             0.349791
2023-05-30 17:00:35:   
2023-05-30 17:00:35:   ***************************************
2023-05-30 17:00:35:   ***   SMILESX INFERENCE COMPLETED   ***
2023-05-30 17:00:35:   ***************************************
2023-05-30 17:00:35:   ********************************************
2023-05-30 17:00:35:   ***   SMILESX INTERPRETATION COMPLETED   ***
2023-05-30 17:00:35:   ********************************************
