2023-06-20 15:18:47:   *************************************
2023-06-20 15:18:47:   ***   SMILESX INFERENCE STARTED   ***
2023-06-20 15:18:47:   *************************************
2023-06-20 15:18:47:   
2023-06-20 15:18:47:   Inference logs path:
2023-06-20 15:18:47:   ./outputs/FreeSolv/Can/Inference/Can/Inference_2023-06-20_15:18:47.log
2023-06-20 15:18:47:   
2023-06-20 15:18:47:   Full vocabulary: ['pad', 'unk', ' ', '3', '[O-]', '[C@]', '[S+2]', '/', 'C', '[C@@]', 'I', ')', '(', '1', '4', '5', '[nH]', '-', '[C@H]', 'F', 'n', 'Br', '[N+]', 'c', 's', 'N', '2', 'Cl', 'P', '=', '[C@@H]', 'O', '#', 'S']
2023-06-20 15:18:47:   Vocabulary size: 34
2023-06-20 15:18:47:   Maximum length of tokenized SMILES: 47 tokens.

2023-06-20 15:18:47:   Number of enumerated SMILES: 1
2023-06-20 15:18:47:   
2023-06-20 15:18:47:   Tokenization of SMILES...
2023-06-20 15:18:50:   
2023-06-20 15:18:50:   Prediction results:
    SMILES                 Prediction (mean)    Prediction (std)
--  -------------------  -------------------  ------------------
 0  OC1C2COC(O2)C(O)C1O             -10.1309            0.712243
2023-06-20 15:18:50:   
2023-06-20 15:18:50:   ***************************************
2023-06-20 15:18:50:   ***   SMILESX INFERENCE COMPLETED   ***
2023-06-20 15:18:50:   ***************************************
