2023-05-31 16:41:41:   *************************************
2023-05-31 16:41:41:   ***   SMILESX INFERENCE STARTED   ***
2023-05-31 16:41:41:   *************************************
2023-05-31 16:41:41:   
2023-05-31 16:41:41:   Inference logs path:
2023-05-31 16:41:41:   ./outputs/FreeSolv/Can/Inference/Can/Inference_2023-05-31_16:41:41.log
2023-05-31 16:41:41:   
2023-05-31 16:41:41:   Full vocabulary: ['pad', 'unk', ' ', '3', '[O-]', '[C@]', '[S+2]', '/', 'C', '[C@@]', 'I', ')', '(', '1', '4', '5', '[nH]', '-', '[C@H]', 'F', 'n', 'Br', '[N+]', 'c', 's', 'N', '2', 'Cl', 'P', '=', '[C@@H]', 'O', '#', 'S']
2023-05-31 16:41:41:   Vocabulary size: 34
2023-05-31 16:41:41:   Maximum length of tokenized SMILES: 47 tokens.

2023-05-31 16:41:41:   Number of enumerated SMILES: 20
2023-05-31 16:41:41:   
2023-05-31 16:41:41:   Tokenization of SMILES...
2023-05-31 16:41:41:   
2023-05-31 16:41:41:   Prediction results:
    SMILES                  Prediction (mean)    Prediction (std)
--  --------------------  -------------------  ------------------
 0  O                                -3.74848            0.25447
 1  OC                               -3.39401            0.233322
 2  OCC                              -2.91026            0.232605
 3  OCC1                             -3.92484            0.543987
 4  OCC1O                            -6.2003             0.618607
 5  OCC1OC                           -5.63566            0.592443
 6  OCC1OC(                          -5.89699            0.623335
 7  OCC1OC(O                         -8.03071            0.621084
 8  OCC1OC(O)                        -8.18853            0.648013
 9  OCC1OC(O)C                       -7.58367            0.624001
10  OCC1OC(O)C(                      -7.75332            0.613612
11  OCC1OC(O)C(O                     -9.57171            0.558982
12  OCC1OC(O)C(O)                    -9.65314            0.559485
13  OCC1OC(O)C(O)C                   -9.08604            0.543184
14  OCC1OC(O)C(O)C(                  -9.19846            0.525159
15  OCC1OC(O)C(O)C(O                -10.7388             0.464634
16  OCC1OC(O)C(O)C(O)               -10.7778             0.4526
17  OCC1OC(O)C(O)C(O)C              -10.2552             0.447813
18  OCC1OC(O)C(O)C(O)C1             -10.7906             0.536941
19  OCC1OC(O)C(O)C(O)C1O            -12.0689             0.520688
2023-05-31 16:41:41:   
2023-05-31 16:41:41:   ***************************************
2023-05-31 16:41:41:   ***   SMILESX INFERENCE COMPLETED   ***
2023-05-31 16:41:41:   ***************************************
2023-05-31 16:41:41:   ********************************************
2023-05-31 16:41:41:   ***   SMILESX INTERPRETATION COMPLETED   ***
2023-05-31 16:41:41:   ********************************************
