2023-08-04 11:00:02:   *************************************
2023-08-04 11:00:02:   ***   SMILESX INFERENCE STARTED   ***
2023-08-04 11:00:02:   *************************************
2023-08-04 11:00:02:   
2023-08-04 11:00:02:   Inference logs path:
2023-08-04 11:00:02:   ./outputs/FreeSolv/Can/Inference/Can/Inference_2023-08-04_11:00:02.log
2023-08-04 11:00:02:   
2023-08-04 11:00:02:   Full vocabulary: ['pad', 'unk', ' ', '3', '[O-]', '[C@]', '[S+2]', '/', 'C', '[C@@]', 'I', ')', '(', '1', '4', '5', '[nH]', '-', '[C@H]', 'F', 'n', 'Br', '[N+]', 'c', 's', 'N', '2', 'Cl', 'P', '=', '[C@@H]', 'O', '#', 'S']
2023-08-04 11:00:02:   Vocabulary size: 34
2023-08-04 11:00:02:   Maximum length of tokenized SMILES: 47 tokens.

2023-08-04 11:00:02:   Number of enumerated SMILES: 49
2023-08-04 11:00:02:   
2023-08-04 11:00:02:   Tokenization of SMILES...
2023-08-04 11:00:03:   
2023-08-04 11:00:03:   Prediction results:
    SMILES                                                        Prediction (mean)    Prediction (std)
--  ----------------------------------------------------------  -------------------  ------------------
 0  C                                                                     -1.30199             0.355365
 1  CC                                                                    -0.89112             0.282599
 2  CC1                                                                   -1.83606             0.567006
 3  CC1=                                                                  -2.31917             0.410272
 4  CC1=C                                                                 -1.82                0.386718
 5  CC1=CC                                                                -1.29835             0.383217
 6  CC1=CC(                                                               -1.54138             0.45784
 7  CC1=CC(C                                                              -1.0046              0.461306
 8  CC1=CC(C(                                                             -1.23935             0.534992
 9  CC1=CC(C(C                                                            -0.72055             0.535827
10  CC1=CC(C(C)                                                           -0.807642            0.555149
11  CC1=CC(C(C)C                                                          -0.355908            0.55238
12  CC1=CC(C(C)C)                                                         -0.464306            0.614191
13  CC1=CC(C(C)C)=                                                        -0.856167            0.468588
14  CC1=CC(C(C)C)=[O+]                                                    -0.97091             0.501478
15  CC1=CC(C(C)C)=[O+][Ru]                                                -1.06706             0.577578
16  CC1=CC(C(C)C)=[O+][Ru]2                                               -1.13462             0.583977
17  CC1=CC(C(C)C)=[O+][Ru]2(                                              -1.38006             0.640695
18  CC1=CC(C(C)C)=[O+][Ru]2(C                                             -1.07539             0.642727
19  CC1=CC(C(C)C)=[O+][Ru]2(C=                                            -1.3812              0.589097
20  CC1=CC(C(C)C)=[O+][Ru]2(C=O                                           -2.90001             0.597646
21  CC1=CC(C(C)C)=[O+][Ru]2(C=O)                                          -3.10611             0.574475
22  CC1=CC(C(C)C)=[O+][Ru]2(C=O)(                                         -3.38833             0.653903
23  CC1=CC(C(C)C)=[O+][Ru]2(C=O)(C                                        -3.08024             0.635011
24  CC1=CC(C(C)C)=[O+][Ru]2(C=O)(C=                                       -3.37004             0.653093
25  CC1=CC(C(C)C)=[O+][Ru]2(C=O)(C=O                                      -4.80844             0.725675
26  CC1=CC(C(C)C)=[O+][Ru]2(C=O)(C=O)                                     -4.97847             0.683966
27  CC1=CC(C(C)C)=[O+][Ru]2(C=O)(C=O)(                                    -5.22043             0.762883
28  CC1=CC(C(C)C)=[O+][Ru]2(C=O)(C=O)(O                                   -6.62128             0.871641
29  CC1=CC(C(C)C)=[O+][Ru]2(C=O)(C=O)(O1                                  -7.24201             0.774753
30  CC1=CC(C(C)C)=[O+][Ru]2(C=O)(C=O)(O1)                                 -7.35987             0.734919
31  CC1=CC(C(C)C)=[O+][Ru]2(C=O)(C=O)(O1)O                                -8.61211             0.846598
32  CC1=CC(C(C)C)=[O+][Ru]2(C=O)(C=O)(O1)OC                               -8.33785             0.789114
33  CC1=CC(C(C)C)=[O+][Ru]2(C=O)(C=O)(O1)OC(                              -8.496               0.853831
34  CC1=CC(C(C)C)=[O+][Ru]2(C=O)(C=O)(O1)OC(C                             -8.16317             0.822988
35  CC1=CC(C(C)C)=[O+][Ru]2(C=O)(C=O)(O1)OC(C)                            -8.16001             0.753043
36  CC1=CC(C(C)C)=[O+][Ru]2(C=O)(C=O)(O1)OC(C)=                           -8.30907             0.813717
37  CC1=CC(C(C)C)=[O+][Ru]2(C=O)(C=O)(O1)OC(C)=C                          -7.98843             0.804468
38  CC1=CC(C(C)C)=[O+][Ru]2(C=O)(C=O)(O1)OC(C)=CC                         -7.66087             0.798164
39  CC1=CC(C(C)C)=[O+][Ru]2(C=O)(C=O)(O1)OC(C)=CC(                        -7.6836              0.835556
40  CC1=CC(C(C)C)=[O+][Ru]2(C=O)(C=O)(O1)OC(C)=CC(C                       -7.35553             0.838344
41  CC1=CC(C(C)C)=[O+][Ru]2(C=O)(C=O)(O1)OC(C)=CC(C(                      -7.36699             0.867664
42  CC1=CC(C(C)C)=[O+][Ru]2(C=O)(C=O)(O1)OC(C)=CC(C(C                     -7.04666             0.874882
43  CC1=CC(C(C)C)=[O+][Ru]2(C=O)(C=O)(O1)OC(C)=CC(C(C)                    -6.99343             0.802445
44  CC1=CC(C(C)C)=[O+][Ru]2(C=O)(C=O)(O1)OC(C)=CC(C(C)C                   -6.71997             0.799088
45  CC1=CC(C(C)C)=[O+][Ru]2(C=O)(C=O)(O1)OC(C)=CC(C(C)C)                  -6.69482             0.737815
46  CC1=CC(C(C)C)=[O+][Ru]2(C=O)(C=O)(O1)OC(C)=CC(C(C)C)=                 -6.99763             0.79184
47  CC1=CC(C(C)C)=[O+][Ru]2(C=O)(C=O)(O1)OC(C)=CC(C(C)C)=[O+]             -7.18169             0.90269
48  CC1=CC(C(C)C)=[O+][Ru]2(C=O)(C=O)(O1)OC(C)=CC(C(C)C)=[O+]2            -7.12013             0.954948
2023-08-04 11:00:03:   
2023-08-04 11:00:03:   ***************************************
2023-08-04 11:00:03:   ***   SMILESX INFERENCE COMPLETED   ***
2023-08-04 11:00:03:   ***************************************
2023-08-04 11:00:03:   ********************************************
2023-08-04 11:00:03:   ***   SMILESX INTERPRETATION COMPLETED   ***
2023-08-04 11:00:03:   ********************************************
