2023-05-31 16:40:46:   *************************************
2023-05-31 16:40:46:   ***   SMILESX INFERENCE STARTED   ***
2023-05-31 16:40:46:   *************************************
2023-05-31 16:40:46:   
2023-05-31 16:40:46:   Inference logs path:
2023-05-31 16:40:46:   ./outputs/FreeSolv/Can/Inference/Can/Inference_2023-05-31_16:40:46.log
2023-05-31 16:40:46:   
2023-05-31 16:40:46:   Full vocabulary: ['pad', 'unk', ' ', '3', '[O-]', '[C@]', '[S+2]', '/', 'C', '[C@@]', 'I', ')', '(', '1', '4', '5', '[nH]', '-', '[C@H]', 'F', 'n', 'Br', '[N+]', 'c', 's', 'N', '2', 'Cl', 'P', '=', '[C@@H]', 'O', '#', 'S']
2023-05-31 16:40:46:   Vocabulary size: 34
2023-05-31 16:40:46:   Maximum length of tokenized SMILES: 47 tokens.

2023-05-31 16:40:46:   Number of enumerated SMILES: 1
2023-05-31 16:40:46:   
2023-05-31 16:40:46:   Tokenization of SMILES...
2023-05-31 16:40:48:   
2023-05-31 16:40:48:   Prediction results:
    SMILES                   Prediction (mean)    Prediction (std)
--  ---------------------  -------------------  ------------------
 0  CCCc1cc(O)ccc1NC(C)=O             -6.97421             0.21733
2023-05-31 16:40:48:   
2023-05-31 16:40:48:   ***************************************
2023-05-31 16:40:48:   ***   SMILESX INFERENCE COMPLETED   ***
2023-05-31 16:40:48:   ***************************************
