2023-05-30 17:00:29:   *************************************
2023-05-30 17:00:29:   ***   SMILESX INFERENCE STARTED   ***
2023-05-30 17:00:29:   *************************************
2023-05-30 17:00:29:   
2023-05-30 17:00:29:   Inference logs path:
2023-05-30 17:00:29:   ./outputs/FreeSolv/Can/Inference/Can/Inference_2023-05-30_17:00:29.log
2023-05-30 17:00:29:   
2023-05-30 17:00:29:   Full vocabulary: ['pad', 'unk', ' ', '3', '[O-]', '[C@]', '[S+2]', '/', 'C', '[C@@]', 'I', ')', '(', '1', '4', '5', '[nH]', '-', '[C@H]', 'F', 'n', 'Br', '[N+]', 'c', 's', 'N', '2', 'Cl', 'P', '=', '[C@@H]', 'O', '#', 'S']
2023-05-30 17:00:29:   Vocabulary size: 34
2023-05-30 17:00:29:   Maximum length of tokenized SMILES: 47 tokens.

2023-05-30 17:00:29:   Number of enumerated SMILES: 1
2023-05-30 17:00:29:   
2023-05-30 17:00:29:   Tokenization of SMILES...
2023-05-30 17:00:32:   
2023-05-30 17:00:32:   Prediction results:
    SMILES             Prediction (mean)    Prediction (std)
--  ---------------  -------------------  ------------------
 0  CC(O)(CO)C(O)CO             -8.93565            0.349791
2023-05-30 17:00:32:   
2023-05-30 17:00:32:   ***************************************
2023-05-30 17:00:32:   ***   SMILESX INFERENCE COMPLETED   ***
2023-05-30 17:00:32:   ***************************************
