2022-11-28 16:37:21:   ************************
2022-11-28 16:37:21:   ***SMILES-X starts...***
2022-11-28 16:37:21:   ************************
2022-11-28 16:37:21:   
2022-11-28 16:37:21:   
2022-11-28 16:37:21:   The SMILES-X logs can be found in the ./outputs/FreeSolv/Can/Train/Train_2022-11-28_16:37:21.log file.
2022-11-28 16:37:21:   
2022-11-28 16:37:21:   ***Configuration parameters:***
2022-11-28 16:37:21:   
2022-11-28 16:37:21:   data =
    SMILES                    Hydration free energy
--  ----------------------  -----------------------
 0  COc1ccc(C(=O)N(C)C)cc1                   -11.01
 1  CS(=O)(=O)Cl                              -4.87
 2  C=CC(C)C                                   1.83
 3  CCc1cnccn1                                -5.45
 4  CCCCCCCO                                  -4.21
2022-11-28 16:37:21:   data_name = 'FreeSolv'
2022-11-28 16:37:21:   data_units = 'kcal/mol'
2022-11-28 16:37:21:   data_label = 'Hydration free energy'
2022-11-28 16:37:21:   smiles_concat = 'True'
2022-11-28 16:37:21:   outdir = './outputs'
2022-11-28 16:37:21:   pretrained_data_name = ''
2022-11-28 16:37:21:   pretrained_augm = 'False'
2022-11-28 16:37:21:   geomopt_mode = 'off'
2022-11-28 16:37:21:   bayopt_mode = 'off'
2022-11-28 16:37:21:   train_mode = 'off'
2022-11-28 16:37:21:   embed_bounds = [8, 16]
2022-11-28 16:37:21:   lstm_bounds = [8, 16]
2022-11-28 16:37:21:   tdense_bounds = [8, 16]
2022-11-28 16:37:21:   bs_bounds = [64, 128]
2022-11-28 16:37:21:   lr_bounds = [2.0, 2.5, 3.0, 3.5]
2022-11-28 16:37:21:   embed_ref = 512
2022-11-28 16:37:21:   lstm_ref = 128
2022-11-28 16:37:21:   tdense_ref = 128
2022-11-28 16:37:21:   dense_depth = 0
2022-11-28 16:37:21:   bs_ref = 16
2022-11-28 16:37:21:   lr_ref = 3.9
2022-11-28 16:37:21:   k_fold_number = 2
2022-11-28 16:37:21:   k_fold_index = None
2022-11-28 16:37:21:   run_index = None
2022-11-28 16:37:21:   n_runs = 3
2022-11-28 16:37:21:   augmentation = False
2022-11-28 16:37:21:   geom_sample_size = 32
2022-11-28 16:37:21:   bayopt_n_rounds = 2
2022-11-28 16:37:21:   bayopt_n_epochs = 5
2022-11-28 16:37:21:   bayopt_n_runs = 2
2022-11-28 16:37:21:   n_gpus = 0
2022-11-28 16:37:21:   gpus_list = None
2022-11-28 16:37:21:   gpus_debug = False
2022-11-28 16:37:21:   patience = 25
2022-11-28 16:37:21:   n_epochs = 10
2022-11-28 16:37:21:   batchsize_pergpu = None
2022-11-28 16:37:21:   lr_schedule = None
2022-11-28 16:37:21:   bs_increase = False
2022-11-28 16:37:21:   ignore_first_epochs = 0
2022-11-28 16:37:21:   lr_min = 1e-05
2022-11-28 16:37:21:   lr_max = 0.01
2022-11-28 16:37:21:   prec = 4
2022-11-28 16:37:21:   log_verbose = True
2022-11-28 16:37:21:   train_verbose = True
2022-11-28 16:37:21:   ******
2022-11-28 16:37:21:   
2022-11-28 16:37:21:   Number of GPUs to be used is set to 0. Proceed with CPU.
2022-11-28 16:37:21:   
2022-11-28 16:37:22:   1 Logical GPU(s) detected and configured.
2022-11-28 16:37:22:   
2022-11-28 16:37:22:   
2022-11-28 16:37:22:   ***Fold #0 initiated...***
2022-11-28 16:37:22:   
2022-11-28 16:37:22:   ***Splitting and standardization of the dataset.***
2022-11-28 16:37:22:   
2022-11-28 16:37:22:   Scaler: RobustScaler(quantile_range=(5.0, 95.0))
2022-11-28 16:37:22:   Enumerated SMILES:
2022-11-28 16:37:22:   	Training set: 214
2022-11-28 16:37:22:   	Validation set: 107
2022-11-28 16:37:22:   	Test set: 321
2022-11-28 16:37:22:   
2022-11-28 16:37:22:   ***Tokenization of SMILES.***
2022-11-28 16:37:22:   
2022-11-28 16:37:22:   Examples of tokenized SMILES from a training set:
2022-11-28 16:37:22:   [[' ', 'C', '#', 'C', 'C', 'C', 'C', 'C', 'C', ' '], [' ', 'C', 'C', 'O', 'P', '(', '=', 'S', ')', '(', 'O', 'C', 'C', ')', 'O', 'c', '1', 'n', 'c', '(', 'Cl', ')', 'c', '(', 'Cl', ')', 'c', 'c', '1', 'Cl', ' '], [' ', 'N', 'c', '1', 'c', 'c', 'c', 'c', '2', 'c', 'c', 'c', 'c', 'c', '1', '2', ' '], [' ', 'O', 'C', '1', 'C', 'C', 'C', 'C', 'C', 'C', '1', ' '], [' ', 'O', '=', 'C', '1', 'C', 'C', 'C', 'C', '1', ' ']]
2022-11-28 16:37:22:   
2022-11-28 16:37:22:   Number of tokens only present in training set: 31
2022-11-28 16:37:22:   
2022-11-28 16:37:22:   Number of tokens only present in validation set: 24
2022-11-28 16:37:22:   Validation set contains no new tokens comparing to training set tokens
2022-11-28 16:37:22:   Number of tokens only present in a test set: 30
2022-11-28 16:37:22:   Test set contains the following new tokens comparing to the training set tokens:
2022-11-28 16:37:22:   {'s'}
2022-11-28 16:37:22:   Test set contains the following new tokens comparing to the validation set tokens:
2022-11-28 16:37:22:   {'[C@H]', '[C@]', '4', '[C@@]', 's', '#'}
2022-11-28 16:37:22:   
2022-11-28 16:37:22:   Full vocabulary: ['pad', 'unk', ' ', '3', '[O-]', '[C@]', '[S+2]', '/', 'C', '[C@@]', 'I', ')', '(', '1', '4', '5', '[nH]', '-', '[C@H]', 'F', 'n', 'Br', '[N+]', 'c', 's', 'N', '2', 'Cl', 'P', '=', '[C@@H]', 'O', '#', 'S']
2022-11-28 16:37:22:   Vocabulary size: 34
2022-11-28 16:37:22:   
2022-11-28 16:37:22:   Maximum length of tokenized SMILES: 46 tokens (termination spaces included)
2022-11-28 16:37:22:   
2022-11-28 16:37:22:   *** HYPERPARAMETERS OPTIMIZATION ***
2022-11-28 16:37:22:   
2022-11-28 16:37:22:   Trainless geometry optimization is not requested.
2022-11-28 16:37:22:   
2022-11-28 16:37:22:   Bayesian optimization is not requested.
2022-11-28 16:37:22:   
2022-11-28 16:37:22:   *** HYPERPARAMETERS OPTIMIZATION COMPLETED ***
2022-11-28 16:37:22:   
2022-11-28 16:37:22:   The following hyperparameters will be used for training:
2022-11-28 16:37:22:       - Embedding: 512
2022-11-28 16:37:22:       - LSTM: 128
2022-11-28 16:37:22:       - TD dense: 128
2022-11-28 16:37:22:       - Batch size: 16
2022-11-28 16:37:22:       - Learning rate: 10^-3.9
2022-11-28 16:37:22:   
2022-11-28 16:37:22:   File containing the list of used hyperparameters:
2022-11-28 16:37:22:       ./outputs/FreeSolv/Can/Train/Other/FreeSolv_Hyperparameters.csv
2022-11-28 16:37:22:   
2022-11-28 16:37:22:   *** TRAINING ***
2022-11-28 16:37:22:   
2022-11-28 16:37:22:   *** Run #0 ***
2022-11-28 16:37:22:   11/28/2022 16:37:22
2022-11-28 16:37:22:   Model summary:
2022-11-28 16:37:22:   Model: "model"
2022-11-28 16:37:22:   _________________________________________________________________
2022-11-28 16:37:22:   Layer (type)                 Output Shape              Param #   
2022-11-28 16:37:22:   =================================================================
2022-11-28 16:37:22:   smiles (InputLayer)          [(None, 47)]              0         
2022-11-28 16:37:22:   _________________________________________________________________
2022-11-28 16:37:22:   embedding (Embedding)        (None, 47, 512)           17408     
2022-11-28 16:37:22:   _________________________________________________________________
2022-11-28 16:37:22:   bidirectional (Bidirectional (None, 47, 256)           656384    
2022-11-28 16:37:22:   _________________________________________________________________
2022-11-28 16:37:22:   time_distributed (TimeDistri (None, 47, 128)           32896     
2022-11-28 16:37:22:   _________________________________________________________________
2022-11-28 16:37:22:   attention (SoftAttention)    (None, 128)               175       
2022-11-28 16:37:22:   _________________________________________________________________
2022-11-28 16:37:22:   dense_1 (Dense)              (None, 1)                 129       
2022-11-28 16:37:22:   =================================================================
2022-11-28 16:37:22:   Total params: 706,992
2022-11-28 16:37:22:   Trainable params: 706,992
2022-11-28 16:37:22:   Non-trainable params: 0
2022-11-28 16:37:22:   _________________________________________________________________
2022-11-28 16:37:22:   

2022-11-28 16:37:28:   {Epoch: 0} duration: 5.241 secs loss: 0.109819, mean_absolute_error: 0.253253, mean_squared_error: 0.109819, val_loss: 0.059656, val_mean_absolute_error: 0.185147, val_mean_squared_error: 0.060702
2022-11-28 16:37:28:   {Epoch: 1} duration: 0.687 secs loss: 0.083022, mean_absolute_error: 0.219660, mean_squared_error: 0.083021, val_loss: 0.055460, val_mean_absolute_error: 0.178733, val_mean_squared_error: 0.056614
2022-11-28 16:37:29:   {Epoch: 2} duration: 0.743 secs loss: 0.071825, mean_absolute_error: 0.201782, mean_squared_error: 0.071825, val_loss: 0.056823, val_mean_absolute_error: 0.192835, val_mean_squared_error: 0.057638
2022-11-28 16:37:30:   {Epoch: 3} duration: 0.763 secs loss: 0.065974, mean_absolute_error: 0.200088, mean_squared_error: 0.065974, val_loss: 0.048355, val_mean_absolute_error: 0.176572, val_mean_squared_error: 0.049278
2022-11-28 16:37:31:   {Epoch: 4} duration: 0.760 secs loss: 0.056570, mean_absolute_error: 0.184216, mean_squared_error: 0.056570, val_loss: 0.038150, val_mean_absolute_error: 0.154173, val_mean_squared_error: 0.039199
2022-11-28 16:37:31:   {Epoch: 5} duration: 0.749 secs loss: 0.049835, mean_absolute_error: 0.171844, mean_squared_error: 0.049835, val_loss: 0.039263, val_mean_absolute_error: 0.156961, val_mean_squared_error: 0.040125
2022-11-28 16:37:32:   {Epoch: 6} duration: 0.737 secs loss: 0.048362, mean_absolute_error: 0.171643, mean_squared_error: 0.048362, val_loss: 0.047706, val_mean_absolute_error: 0.179071, val_mean_squared_error: 0.048158
2022-11-28 16:37:33:   {Epoch: 7} duration: 0.748 secs loss: 0.043669, mean_absolute_error: 0.161992, mean_squared_error: 0.043669, val_loss: 0.047213, val_mean_absolute_error: 0.173923, val_mean_squared_error: 0.047737
2022-11-28 16:37:34:   {Epoch: 8} duration: 0.748 secs loss: 0.036336, mean_absolute_error: 0.146909, mean_squared_error: 0.036336, val_loss: 0.032381, val_mean_absolute_error: 0.140364, val_mean_squared_error: 0.033275
2022-11-28 16:37:34:   {Epoch: 9} duration: 0.744 secs loss: 0.034823, mean_absolute_error: 0.147031, mean_squared_error: 0.034823, val_loss: 0.032905, val_mean_absolute_error: 0.140850, val_mean_squared_error: 0.033903
2022-11-28 16:37:35:   Updating current best validation loss in accordance with epoch #8
2022-11-28 16:37:35:   Evaluating performance of the trained model...
2022-11-28 16:37:35:   
2022-11-28 16:37:38:   Model performance metrics for the train set:
2022-11-28 16:37:38:   Averaged RMSE: 2.196+-0.000
2022-11-28 16:37:38:   Averaged MAE: 1.731+-0.000
2022-11-28 16:37:38:   Averaged R^2: 0.6891+-0.0000
2022-11-28 16:37:38:   
2022-11-28 16:37:38:   Model performance metrics for the validation set:
2022-11-28 16:37:38:   Averaged RMSE: 2.164+-0.000
2022-11-28 16:37:38:   Averaged MAE: 1.665+-0.000
2022-11-28 16:37:38:   Averaged R^2: 0.6254+-0.0000
2022-11-28 16:37:38:   
2022-11-28 16:37:38:   Model performance metrics for the test set:
2022-11-28 16:37:38:   Averaged RMSE: 2.244+-0.000
2022-11-28 16:37:38:   Averaged MAE: 1.750+-0.000
2022-11-28 16:37:38:   Averaged R^2: 0.6656+-0.0000
2022-11-28 16:37:38:   
2022-11-28 16:37:39:   Fold 0, run 0 duration: 0:00:16.950271
2022-11-28 16:37:39:   
2022-11-28 16:37:39:   *** Run #1 ***
2022-11-28 16:37:39:   11/28/2022 16:37:39
2022-11-28 16:37:44:   {Epoch: 0} duration: 4.341 secs loss: 0.137100, mean_absolute_error: 0.276389, mean_squared_error: 0.137100, val_loss: 0.078815, val_mean_absolute_error: 0.214621, val_mean_squared_error: 0.080332
2022-11-28 16:37:44:   {Epoch: 1} duration: 0.681 secs loss: 0.091274, mean_absolute_error: 0.220931, mean_squared_error: 0.091274, val_loss: 0.056679, val_mean_absolute_error: 0.181898, val_mean_squared_error: 0.057879
2022-11-28 16:37:45:   {Epoch: 2} duration: 0.749 secs loss: 0.079141, mean_absolute_error: 0.213466, mean_squared_error: 0.079141, val_loss: 0.052304, val_mean_absolute_error: 0.184328, val_mean_squared_error: 0.053534
2022-11-28 16:37:46:   {Epoch: 3} duration: 0.754 secs loss: 0.066103, mean_absolute_error: 0.194569, mean_squared_error: 0.066103, val_loss: 0.043628, val_mean_absolute_error: 0.164260, val_mean_squared_error: 0.044915
2022-11-28 16:37:46:   {Epoch: 4} duration: 0.759 secs loss: 0.060027, mean_absolute_error: 0.192457, mean_squared_error: 0.060027, val_loss: 0.042623, val_mean_absolute_error: 0.156405, val_mean_squared_error: 0.044022
2022-11-28 16:37:47:   {Epoch: 5} duration: 0.767 secs loss: 0.056135, mean_absolute_error: 0.181617, mean_squared_error: 0.056135, val_loss: 0.039067, val_mean_absolute_error: 0.151817, val_mean_squared_error: 0.040374
2022-11-28 16:37:48:   {Epoch: 6} duration: 0.752 secs loss: 0.046523, mean_absolute_error: 0.163300, mean_squared_error: 0.046523, val_loss: 0.053426, val_mean_absolute_error: 0.194889, val_mean_squared_error: 0.054161
2022-11-28 16:37:49:   {Epoch: 7} duration: 0.754 secs loss: 0.043572, mean_absolute_error: 0.164846, mean_squared_error: 0.043572, val_loss: 0.036747, val_mean_absolute_error: 0.148723, val_mean_squared_error: 0.037863
2022-11-28 16:37:50:   {Epoch: 8} duration: 0.765 secs loss: 0.041509, mean_absolute_error: 0.160617, mean_squared_error: 0.041509, val_loss: 0.035257, val_mean_absolute_error: 0.144798, val_mean_squared_error: 0.036218
2022-11-28 16:37:50:   {Epoch: 9} duration: 0.755 secs loss: 0.040448, mean_absolute_error: 0.157588, mean_squared_error: 0.040448, val_loss: 0.045306, val_mean_absolute_error: 0.172633, val_mean_squared_error: 0.045860
2022-11-28 16:37:50:   Updating current best validation loss in accordance with epoch #8
2022-11-28 16:37:51:   Evaluating performance of the trained model...
2022-11-28 16:37:51:   
2022-11-28 16:37:53:   Model performance metrics for the train set:
2022-11-28 16:37:53:   Averaged RMSE: 2.265+-0.000
2022-11-28 16:37:53:   Averaged MAE: 1.761+-0.000
2022-11-28 16:37:53:   Averaged R^2: 0.6691+-0.0000
2022-11-28 16:37:53:   
2022-11-28 16:37:53:   Model performance metrics for the validation set:
2022-11-28 16:37:53:   Averaged RMSE: 2.257+-0.000
2022-11-28 16:37:53:   Averaged MAE: 1.718+-0.000
2022-11-28 16:37:53:   Averaged R^2: 0.5923+-0.0000
2022-11-28 16:37:53:   
2022-11-28 16:37:53:   Model performance metrics for the test set:
2022-11-28 16:37:53:   Averaged RMSE: 2.310+-0.000
2022-11-28 16:37:53:   Averaged MAE: 1.812+-0.000
2022-11-28 16:37:53:   Averaged R^2: 0.6457+-0.0000
2022-11-28 16:37:53:   
2022-11-28 16:37:54:   Fold 0, run 1 duration: 0:00:15.676742
2022-11-28 16:37:54:   
2022-11-28 16:37:54:   *** Run #2 ***
2022-11-28 16:37:54:   11/28/2022 16:37:54
2022-11-28 16:37:59:   {Epoch: 0} duration: 4.166 secs loss: 0.108545, mean_absolute_error: 0.250689, mean_squared_error: 0.108545, val_loss: 0.063063, val_mean_absolute_error: 0.193953, val_mean_squared_error: 0.064280
2022-11-28 16:38:00:   {Epoch: 1} duration: 0.684 secs loss: 0.083594, mean_absolute_error: 0.215436, mean_squared_error: 0.083594, val_loss: 0.059574, val_mean_absolute_error: 0.186200, val_mean_squared_error: 0.061302
2022-11-28 16:38:01:   {Epoch: 2} duration: 0.773 secs loss: 0.079159, mean_absolute_error: 0.210167, mean_squared_error: 0.079159, val_loss: 0.058522, val_mean_absolute_error: 0.183646, val_mean_squared_error: 0.060063
2022-11-28 16:38:01:   {Epoch: 3} duration: 0.766 secs loss: 0.064346, mean_absolute_error: 0.195068, mean_squared_error: 0.064346, val_loss: 0.043995, val_mean_absolute_error: 0.159050, val_mean_squared_error: 0.045369
2022-11-28 16:38:02:   {Epoch: 4} duration: 0.763 secs loss: 0.059737, mean_absolute_error: 0.184581, mean_squared_error: 0.059737, val_loss: 0.080688, val_mean_absolute_error: 0.246025, val_mean_squared_error: 0.081669
2022-11-28 16:38:03:   {Epoch: 5} duration: 0.755 secs loss: 0.056639, mean_absolute_error: 0.183980, mean_squared_error: 0.056639, val_loss: 0.046016, val_mean_absolute_error: 0.172402, val_mean_squared_error: 0.046989
2022-11-28 16:38:04:   {Epoch: 6} duration: 0.768 secs loss: 0.049861, mean_absolute_error: 0.174333, mean_squared_error: 0.049861, val_loss: 0.038836, val_mean_absolute_error: 0.153332, val_mean_squared_error: 0.040077
2022-11-28 16:38:04:   {Epoch: 7} duration: 0.752 secs loss: 0.048219, mean_absolute_error: 0.169852, mean_squared_error: 0.048219, val_loss: 0.039763, val_mean_absolute_error: 0.152830, val_mean_squared_error: 0.041022
2022-11-28 16:38:05:   {Epoch: 8} duration: 0.780 secs loss: 0.040033, mean_absolute_error: 0.155826, mean_squared_error: 0.040033, val_loss: 0.036459, val_mean_absolute_error: 0.147986, val_mean_squared_error: 0.037313
2022-11-28 16:38:06:   {Epoch: 9} duration: 0.758 secs loss: 0.039348, mean_absolute_error: 0.152682, mean_squared_error: 0.039348, val_loss: 0.036966, val_mean_absolute_error: 0.149814, val_mean_squared_error: 0.037862
2022-11-28 16:38:06:   Updating current best validation loss in accordance with epoch #8
2022-11-28 16:38:07:   Evaluating performance of the trained model...
2022-11-28 16:38:07:   
2022-11-28 16:38:09:   Model performance metrics for the train set:
2022-11-28 16:38:09:   Averaged RMSE: 2.253+-0.000
2022-11-28 16:38:09:   Averaged MAE: 1.730+-0.000
2022-11-28 16:38:09:   Averaged R^2: 0.6726+-0.0000
2022-11-28 16:38:09:   
2022-11-28 16:38:09:   Model performance metrics for the validation set:
2022-11-28 16:38:09:   Averaged RMSE: 2.291+-0.000
2022-11-28 16:38:09:   Averaged MAE: 1.755+-0.000
2022-11-28 16:38:09:   Averaged R^2: 0.5800+-0.0000
2022-11-28 16:38:09:   
2022-11-28 16:38:09:   Model performance metrics for the test set:
2022-11-28 16:38:09:   Averaged RMSE: 2.325+-0.000
2022-11-28 16:38:09:   Averaged MAE: 1.786+-0.000
2022-11-28 16:38:09:   Averaged R^2: 0.6411+-0.0000
2022-11-28 16:38:09:   
2022-11-28 16:38:10:   Fold 0, run 2 duration: 0:00:15.843411
2022-11-28 16:38:10:   
2022-11-28 16:38:10:   Fold 0, overall performance:
2022-11-28 16:38:10:   Model performance metrics for the train set:
2022-11-28 16:38:10:   Averaged RMSE: 2.215+-0.021
2022-11-28 16:38:10:   Averaged MAE: 1.715+-0.022
2022-11-28 16:38:10:   Averaged R^2: 0.6836+-0.0059
2022-11-28 16:38:10:   
2022-11-28 16:38:10:   Model performance metrics for the validation set:
2022-11-28 16:38:10:   Averaged RMSE: 2.216+-0.029
2022-11-28 16:38:10:   Averaged MAE: 1.689+-0.031
2022-11-28 16:38:10:   Averaged R^2: 0.6072+-0.0104
2022-11-28 16:38:10:   
2022-11-28 16:38:10:   Model performance metrics for the test set:
2022-11-28 16:38:10:   Averaged RMSE: 2.269+-0.017
2022-11-28 16:38:10:   Averaged MAE: 1.767+-0.019
2022-11-28 16:38:10:   Averaged R^2: 0.6582+-0.0052
2022-11-28 16:38:10:   
2022-11-28 16:38:11:   Fold 0 duration: 0:00:49.598809
2022-11-28 16:38:11:   
2022-11-28 16:38:11:   
2022-11-28 16:38:11:   ***Fold #1 initiated...***
2022-11-28 16:38:11:   
2022-11-28 16:38:11:   ***Splitting and standardization of the dataset.***
2022-11-28 16:38:11:   
2022-11-28 16:38:11:   Scaler: RobustScaler(quantile_range=(5.0, 95.0))
2022-11-28 16:38:11:   Enumerated SMILES:
2022-11-28 16:38:11:   	Training set: 214
2022-11-28 16:38:11:   	Validation set: 107
2022-11-28 16:38:11:   	Test set: 321
2022-11-28 16:38:11:   
2022-11-28 16:38:11:   ***Tokenization of SMILES.***
2022-11-28 16:38:11:   
2022-11-28 16:38:11:   Examples of tokenized SMILES from a training set:
2022-11-28 16:38:11:   [[' ', 'C', 'C', '[N+]', '(', '=', 'O', ')', '[O-]', ' '], [' ', 'C', 'C', 'C', 'C', 'N', 'C', 'C', 'C', 'C', ' '], [' ', 'C', '=', 'C', '(', 'C', ')', '[C@@H]', '1', 'C', 'C', '[C@@H]', '(', 'C', ')', 'C', '(', '=', 'O', ')', 'C', '1', ' '], [' ', 'C', 'C', '(', 'C', ')', '=', 'C', 'C', 'C', '/', 'C', '(', 'C', ')', '=', 'C', 'C', 'O', ' '], [' ', 'C', 'C', 'C', 'C', '(', '=', 'O', ')', 'O', ' ']]
2022-11-28 16:38:11:   
2022-11-28 16:38:11:   Number of tokens only present in training set: 30
2022-11-28 16:38:11:   
2022-11-28 16:38:11:   Number of tokens only present in validation set: 25
2022-11-28 16:38:11:   Validation set contains no new tokens comparing to training set tokens
2022-11-28 16:38:11:   Number of tokens only present in a test set: 31
2022-11-28 16:38:11:   Test set contains the following new tokens comparing to the training set tokens:
2022-11-28 16:38:11:   {'5', '[S+2]'}
2022-11-28 16:38:11:   Test set contains the following new tokens comparing to the validation set tokens:
2022-11-28 16:38:11:   {'3', '[C@]', '[S+2]', '4', '5', '[C@@]'}
2022-11-28 16:38:11:   
2022-11-28 16:38:11:   Full vocabulary: ['pad', 'unk', ' ', '3', '[O-]', '[C@]', '[S+2]', '/', 'C', '[C@@]', 'I', ')', '(', '1', '4', '5', '[nH]', '-', '[C@H]', 'F', 'n', 'Br', '[N+]', 'c', 's', 'N', '2', 'Cl', 'P', '=', '[C@@H]', 'O', '#', 'S']
2022-11-28 16:38:11:   Vocabulary size: 34
2022-11-28 16:38:11:   
2022-11-28 16:38:11:   Maximum length of tokenized SMILES: 46 tokens (termination spaces included)
2022-11-28 16:38:11:   
2022-11-28 16:38:11:   *** Run #0 ***
2022-11-28 16:38:11:   11/28/2022 16:38:11
2022-11-28 16:38:16:   {Epoch: 0} duration: 4.070 secs loss: 0.193365, mean_absolute_error: 0.347417, mean_squared_error: 0.193365, val_loss: 0.160096, val_mean_absolute_error: 0.313311, val_mean_squared_error: 0.162674
2022-11-28 16:38:17:   {Epoch: 1} duration: 0.670 secs loss: 0.129838, mean_absolute_error: 0.275331, mean_squared_error: 0.129838, val_loss: 0.084235, val_mean_absolute_error: 0.231602, val_mean_squared_error: 0.084845
2022-11-28 16:38:17:   {Epoch: 2} duration: 0.725 secs loss: 0.085387, mean_absolute_error: 0.211593, mean_squared_error: 0.085387, val_loss: 0.071154, val_mean_absolute_error: 0.210214, val_mean_squared_error: 0.072048
2022-11-28 16:38:18:   {Epoch: 3} duration: 0.732 secs loss: 0.074227, mean_absolute_error: 0.201319, mean_squared_error: 0.074227, val_loss: 0.065294, val_mean_absolute_error: 0.201714, val_mean_squared_error: 0.066126
2022-11-28 16:38:19:   {Epoch: 4} duration: 0.735 secs loss: 0.065190, mean_absolute_error: 0.188984, mean_squared_error: 0.065190, val_loss: 0.060883, val_mean_absolute_error: 0.195994, val_mean_squared_error: 0.061445
2022-11-28 16:38:19:   {Epoch: 5} duration: 0.732 secs loss: 0.058623, mean_absolute_error: 0.178443, mean_squared_error: 0.058623, val_loss: 0.054761, val_mean_absolute_error: 0.185315, val_mean_squared_error: 0.055191
2022-11-28 16:38:20:   {Epoch: 6} duration: 0.734 secs loss: 0.054046, mean_absolute_error: 0.176285, mean_squared_error: 0.054046, val_loss: 0.053180, val_mean_absolute_error: 0.183829, val_mean_squared_error: 0.053539
2022-11-28 16:38:21:   {Epoch: 7} duration: 0.729 secs loss: 0.051865, mean_absolute_error: 0.174768, mean_squared_error: 0.051865, val_loss: 0.048378, val_mean_absolute_error: 0.177108, val_mean_squared_error: 0.048483
2022-11-28 16:38:22:   {Epoch: 8} duration: 0.726 secs loss: 0.046944, mean_absolute_error: 0.164716, mean_squared_error: 0.046944, val_loss: 0.043898, val_mean_absolute_error: 0.168428, val_mean_squared_error: 0.043816
2022-11-28 16:38:22:   {Epoch: 9} duration: 0.734 secs loss: 0.043472, mean_absolute_error: 0.160020, mean_squared_error: 0.043472, val_loss: 0.043652, val_mean_absolute_error: 0.171080, val_mean_squared_error: 0.043493
2022-11-28 16:38:23:   Updating current best validation loss in accordance with epoch #9
2022-11-28 16:38:23:   Evaluating performance of the trained model...
2022-11-28 16:38:23:   
2022-11-28 16:38:26:   Model performance metrics for the train set:
2022-11-28 16:38:26:   Averaged RMSE: 2.336+-0.000
2022-11-28 16:38:26:   Averaged MAE: 1.782+-0.000
2022-11-28 16:38:26:   Averaged R^2: 0.6470+-0.0000
2022-11-28 16:38:26:   
2022-11-28 16:38:26:   Model performance metrics for the validation set:
2022-11-28 16:38:26:   Averaged RMSE: 2.387+-0.000
2022-11-28 16:38:26:   Averaged MAE: 1.958+-0.000
2022-11-28 16:38:26:   Averaged R^2: 0.5896+-0.0000
2022-11-28 16:38:26:   
2022-11-28 16:38:26:   Model performance metrics for the test set:
2022-11-28 16:38:26:   Averaged RMSE: 2.461+-0.000
2022-11-28 16:38:26:   Averaged MAE: 1.918+-0.000
2022-11-28 16:38:26:   Averaged R^2: 0.5826+-0.0000
2022-11-28 16:38:26:   
2022-11-28 16:38:27:   Fold 1, run 0 duration: 0:00:15.697140
2022-11-28 16:38:27:   
2022-11-28 16:38:27:   *** Run #1 ***
2022-11-28 16:38:27:   11/28/2022 16:38:27
2022-11-28 16:38:31:   {Epoch: 0} duration: 3.988 secs loss: 0.133986, mean_absolute_error: 0.269654, mean_squared_error: 0.133986, val_loss: 0.096050, val_mean_absolute_error: 0.235168, val_mean_squared_error: 0.098008
2022-11-28 16:38:32:   {Epoch: 1} duration: 0.676 secs loss: 0.101614, mean_absolute_error: 0.233935, mean_squared_error: 0.101614, val_loss: 0.080064, val_mean_absolute_error: 0.220866, val_mean_squared_error: 0.081191
2022-11-28 16:38:33:   {Epoch: 2} duration: 0.735 secs loss: 0.077883, mean_absolute_error: 0.204157, mean_squared_error: 0.077883, val_loss: 0.070593, val_mean_absolute_error: 0.205268, val_mean_squared_error: 0.071696
2022-11-28 16:38:34:   {Epoch: 3} duration: 0.728 secs loss: 0.070847, mean_absolute_error: 0.201470, mean_squared_error: 0.070847, val_loss: 0.064328, val_mean_absolute_error: 0.194478, val_mean_squared_error: 0.065404
2022-11-28 16:38:34:   {Epoch: 4} duration: 0.725 secs loss: 0.062417, mean_absolute_error: 0.185669, mean_squared_error: 0.062417, val_loss: 0.057048, val_mean_absolute_error: 0.183084, val_mean_squared_error: 0.057752
2022-11-28 16:38:35:   {Epoch: 5} duration: 0.722 secs loss: 0.053071, mean_absolute_error: 0.175441, mean_squared_error: 0.053071, val_loss: 0.053729, val_mean_absolute_error: 0.180899, val_mean_squared_error: 0.054244
2022-11-28 16:38:36:   {Epoch: 6} duration: 0.742 secs loss: 0.050886, mean_absolute_error: 0.170781, mean_squared_error: 0.050886, val_loss: 0.044873, val_mean_absolute_error: 0.168280, val_mean_squared_error: 0.045206
2022-11-28 16:38:37:   {Epoch: 7} duration: 0.739 secs loss: 0.043387, mean_absolute_error: 0.160449, mean_squared_error: 0.043387, val_loss: 0.040260, val_mean_absolute_error: 0.161583, val_mean_squared_error: 0.040455
2022-11-28 16:38:37:   {Epoch: 8} duration: 0.726 secs loss: 0.040193, mean_absolute_error: 0.153478, mean_squared_error: 0.040193, val_loss: 0.037359, val_mean_absolute_error: 0.157455, val_mean_squared_error: 0.037481
2022-11-28 16:38:38:   {Epoch: 9} duration: 0.728 secs loss: 0.035810, mean_absolute_error: 0.147242, mean_squared_error: 0.035810, val_loss: 0.038804, val_mean_absolute_error: 0.159993, val_mean_squared_error: 0.038838
2022-11-28 16:38:38:   Updating current best validation loss in accordance with epoch #8
2022-11-28 16:38:39:   Evaluating performance of the trained model...
2022-11-28 16:38:39:   
2022-11-28 16:38:42:   Model performance metrics for the train set:
2022-11-28 16:38:42:   Averaged RMSE: 2.171+-0.000
2022-11-28 16:38:42:   Averaged MAE: 1.690+-0.000
2022-11-28 16:38:42:   Averaged R^2: 0.6949+-0.0000
2022-11-28 16:38:42:   
2022-11-28 16:38:42:   Model performance metrics for the validation set:
2022-11-28 16:38:42:   Averaged RMSE: 2.216+-0.000
2022-11-28 16:38:42:   Averaged MAE: 1.802+-0.000
2022-11-28 16:38:42:   Averaged R^2: 0.6464+-0.0000
2022-11-28 16:38:42:   
2022-11-28 16:38:42:   Model performance metrics for the test set:
2022-11-28 16:38:42:   Averaged RMSE: 2.300+-0.000
2022-11-28 16:38:42:   Averaged MAE: 1.792+-0.000
2022-11-28 16:38:42:   Averaged R^2: 0.6354+-0.0000
2022-11-28 16:38:42:   
2022-11-28 16:38:43:   Fold 1, run 1 duration: 0:00:15.565969
2022-11-28 16:38:43:   
2022-11-28 16:38:43:   *** Run #2 ***
2022-11-28 16:38:43:   11/28/2022 16:38:43
2022-11-28 16:38:47:   {Epoch: 0} duration: 4.199 secs loss: 0.115847, mean_absolute_error: 0.247757, mean_squared_error: 0.115847, val_loss: 0.094730, val_mean_absolute_error: 0.240011, val_mean_squared_error: 0.097073
2022-11-28 16:38:48:   {Epoch: 1} duration: 0.639 secs loss: 0.094124, mean_absolute_error: 0.232173, mean_squared_error: 0.094124, val_loss: 0.075408, val_mean_absolute_error: 0.211334, val_mean_squared_error: 0.076873
2022-11-28 16:38:49:   {Epoch: 2} duration: 0.714 secs loss: 0.073488, mean_absolute_error: 0.201116, mean_squared_error: 0.073488, val_loss: 0.058354, val_mean_absolute_error: 0.191944, val_mean_squared_error: 0.059457
2022-11-28 16:38:49:   {Epoch: 3} duration: 0.717 secs loss: 0.059030, mean_absolute_error: 0.180418, mean_squared_error: 0.059030, val_loss: 0.052914, val_mean_absolute_error: 0.187784, val_mean_squared_error: 0.053516
2022-11-28 16:38:50:   {Epoch: 4} duration: 0.711 secs loss: 0.053701, mean_absolute_error: 0.176485, mean_squared_error: 0.053701, val_loss: 0.049047, val_mean_absolute_error: 0.181402, val_mean_squared_error: 0.049486
2022-11-28 16:38:51:   {Epoch: 5} duration: 0.722 secs loss: 0.047398, mean_absolute_error: 0.167451, mean_squared_error: 0.047398, val_loss: 0.043967, val_mean_absolute_error: 0.171644, val_mean_squared_error: 0.044152
2022-11-28 16:38:51:   {Epoch: 6} duration: 0.715 secs loss: 0.043664, mean_absolute_error: 0.160817, mean_squared_error: 0.043664, val_loss: 0.040896, val_mean_absolute_error: 0.165947, val_mean_squared_error: 0.040997
2022-11-28 16:38:52:   {Epoch: 7} duration: 0.717 secs loss: 0.041506, mean_absolute_error: 0.158123, mean_squared_error: 0.041506, val_loss: 0.040609, val_mean_absolute_error: 0.165714, val_mean_squared_error: 0.040611
2022-11-28 16:38:53:   {Epoch: 8} duration: 0.710 secs loss: 0.038756, mean_absolute_error: 0.151372, mean_squared_error: 0.038756, val_loss: 0.035426, val_mean_absolute_error: 0.152155, val_mean_squared_error: 0.035390
2022-11-28 16:38:54:   {Epoch: 9} duration: 0.712 secs loss: 0.035439, mean_absolute_error: 0.145275, mean_squared_error: 0.035439, val_loss: 0.037788, val_mean_absolute_error: 0.153540, val_mean_squared_error: 0.037832
2022-11-28 16:38:54:   Updating current best validation loss in accordance with epoch #8
2022-11-28 16:38:55:   Evaluating performance of the trained model...
2022-11-28 16:38:55:   
2022-11-28 16:38:57:   Model performance metrics for the train set:
2022-11-28 16:38:57:   Averaged RMSE: 2.151+-0.000
2022-11-28 16:38:57:   Averaged MAE: 1.652+-0.000
2022-11-28 16:38:57:   Averaged R^2: 0.7005+-0.0000
2022-11-28 16:38:57:   
2022-11-28 16:38:57:   Model performance metrics for the validation set:
2022-11-28 16:38:57:   Averaged RMSE: 2.153+-0.000
2022-11-28 16:38:57:   Averaged MAE: 1.741+-0.000
2022-11-28 16:38:57:   Averaged R^2: 0.6661+-0.0000
2022-11-28 16:38:57:   
2022-11-28 16:38:57:   Model performance metrics for the test set:
2022-11-28 16:38:57:   Averaged RMSE: 2.295+-0.000
2022-11-28 16:38:57:   Averaged MAE: 1.787+-0.000
2022-11-28 16:38:57:   Averaged R^2: 0.6368+-0.0000
2022-11-28 16:38:57:   
2022-11-28 16:38:58:   Fold 1, run 2 duration: 0:00:15.236080
2022-11-28 16:38:58:   
2022-11-28 16:38:58:   Fold 1, overall performance:
2022-11-28 16:38:58:   Model performance metrics for the train set:
2022-11-28 16:38:58:   Averaged RMSE: 2.200+-0.023
2022-11-28 16:38:58:   Averaged MAE: 1.693+-0.021
2022-11-28 16:38:58:   Averaged R^2: 0.6869+-0.0066
2022-11-28 16:38:58:   
2022-11-28 16:38:58:   Model performance metrics for the validation set:
2022-11-28 16:38:58:   Averaged RMSE: 2.227+-0.039
2022-11-28 16:38:58:   Averaged MAE: 1.817+-0.034
2022-11-28 16:38:58:   Averaged R^2: 0.6428+-0.0126
2022-11-28 16:38:58:   
2022-11-28 16:38:58:   Model performance metrics for the test set:
2022-11-28 16:38:58:   Averaged RMSE: 2.330+-0.024
2022-11-28 16:38:58:   Averaged MAE: 1.813+-0.018
2022-11-28 16:38:58:   Averaged R^2: 0.6258+-0.0077
2022-11-28 16:38:58:   
2022-11-28 16:38:59:   Fold 1 duration: 0:00:47.572201
2022-11-28 16:38:59:   
2022-11-28 16:38:59:   *******************************
2022-11-28 16:38:59:   ***Predictions score summary***
2022-11-28 16:38:59:   *******************************
2022-11-28 16:38:59:   
2022-11-28 16:38:59:   ***Preparing the final out-of-sample prediction.***
2022-11-28 16:38:59:   
2022-11-28 16:38:59:   Final cross-validation statistics:
2022-11-28 16:38:59:   Averaged RMSE: 2.299+-0.015
2022-11-28 16:38:59:   Averaged MAE: 1.790+-0.013
2022-11-28 16:38:59:   Averaged R^2: 0.6423+-0.0046
2022-11-28 16:38:59:   
2022-11-28 16:39:00:   *******************************************
2022-11-28 16:39:00:   ***SMILES_X has terminated successfully.***
2022-11-28 16:39:00:   *******************************************
2022-11-28 16:39:00:   Total elapsed time: 0:01:38.796588
